<?xml version="1.0" encoding="UTF-8"?>
<!-- Generated by org.testng.reporters.JUnitReportReporter -->
<testsuite hostname="Akshatha" failures="0" tests="6" name="com.automation.swaglabs.runners.TestRunner" time="136.495" errors="0" timestamp="2025-09-07T13:48:50 IST" skipped="0">
  <testcase classname="com.automation.swaglabs.runners.TestRunner" name="runScenario" time="19.365"/>
  <testcase classname="com.automation.swaglabs.runners.TestRunner" name="runScenario" time="19.177"/>
  <testcase classname="com.automation.swaglabs.runners.TestRunner" name="runScenario" time="18.795"/>
  <testcase classname="com.automation.swaglabs.runners.TestRunner" name="runScenario" time="29.181"/>
  <testcase classname="com.automation.swaglabs.runners.TestRunner" name="runScenario" time="29.771"/>
  <testcase classname="com.automation.swaglabs.runners.TestRunner" name="runScenario" time="20.206"/>
</testsuite> <!-- com.automation.swaglabs.runners.TestRunner -->
