<?xml version="1.0" encoding="UTF-8"?>
<!-- Generated by org.testng.reporters.JUnitReportReporter -->
<testsuite hostname="Akshatha" failures="0" tests="5" name="com.automation.swaglabs.tests.CartPageTest" time="132.897" errors="0" timestamp="2025-09-07T23:44:46 IST" skipped="0">
  <testcase classname="com.automation.swaglabs.tests.CartPageTest" name="testCartPageTitle" time="23.618"/>
  <testcase classname="com.automation.swaglabs.tests.CartPageTest" name="testCartItemCount" time="23.936"/>
  <testcase classname="com.automation.swaglabs.tests.CartPageTest" name="testRemoveItemFromCart" time="30.458"/>
  <testcase classname="com.automation.swaglabs.tests.CartPageTest" name="testContinueShopping" time="29.499"/>
  <testcase classname="com.automation.swaglabs.tests.CartPageTest" name="testProceedToCheckout" time="25.386"/>
</testsuite> <!-- com.automation.swaglabs.tests.CartPageTest -->
