<?xml version="1.0" encoding="UTF-8"?>
<!-- Generated by org.testng.reporters.JUnitReportReporter -->
<testsuite hostname="Akshatha" failures="0" tests="5" name="com.automation.swaglabs.tests.CartPageTest" time="143.646" errors="0" timestamp="2025-09-07T19:57:34 IST" skipped="0">
  <testcase classname="com.automation.swaglabs.tests.CartPageTest" name="testCartPageTitle" time="25.168"/>
  <testcase classname="com.automation.swaglabs.tests.CartPageTest" name="testCartItemCount" time="26.941"/>
  <testcase classname="com.automation.swaglabs.tests.CartPageTest" name="testRemoveItemFromCart" time="31.471"/>
  <testcase classname="com.automation.swaglabs.tests.CartPageTest" name="testContinueShopping" time="31.881"/>
  <testcase classname="com.automation.swaglabs.tests.CartPageTest" name="testProceedToCheckout" time="28.185"/>
</testsuite> <!-- com.automation.swaglabs.tests.CartPageTest -->
