<?xml version="1.0" encoding="UTF-8"?>
<!-- Generated by org.testng.reporters.JUnitReportReporter -->
<testsuite hostname="Akshatha" failures="0" tests="5" name="com.automation.swaglabs.tests.CartPageTest" time="132.646" errors="0" timestamp="2025-09-09T08:43:58 IST" skipped="0">
  <testcase classname="com.automation.swaglabs.tests.CartPageTest" name="testCartPageTitle" time="23.139"/>
  <testcase classname="com.automation.swaglabs.tests.CartPageTest" name="testCartItemCount" time="24.521"/>
  <testcase classname="com.automation.swaglabs.tests.CartPageTest" name="testRemoveItemFromCart" time="29.783"/>
  <testcase classname="com.automation.swaglabs.tests.CartPageTest" name="testContinueShopping" time="29.981"/>
  <testcase classname="com.automation.swaglabs.tests.CartPageTest" name="testProceedToCheckout" time="25.222"/>
</testsuite> <!-- com.automation.swaglabs.tests.CartPageTest -->
