<?xml version="1.0" encoding="UTF-8"?>
<!-- Generated by org.testng.reporters.JUnitReportReporter -->
<testsuite hostname="Akshatha" failures="0" tests="5" name="com.automation.swaglabs.tests.CartPageTest" time="147.509" errors="0" timestamp="2025-09-07T16:30:45 IST" skipped="0">
  <testcase classname="com.automation.swaglabs.tests.CartPageTest" name="testCartPageTitle" time="23.975"/>
  <testcase classname="com.automation.swaglabs.tests.CartPageTest" name="testCartItemCount" time="24.199"/>
  <testcase classname="com.automation.swaglabs.tests.CartPageTest" name="testRemoveItemFromCart" time="30.387"/>
  <testcase classname="com.automation.swaglabs.tests.CartPageTest" name="testContinueShopping" time="42.650"/>
  <testcase classname="com.automation.swaglabs.tests.CartPageTest" name="testProceedToCheckout" time="26.298"/>
</testsuite> <!-- com.automation.swaglabs.tests.CartPageTest -->
