<?xml version="1.0" encoding="UTF-8"?>
<!-- Generated by org.testng.reporters.JUnitReportReporter -->
<testsuite hostname="Akshatha" failures="0" tests="5" name="com.automation.swaglabs.tests.ProductPageTest" time="122.201" errors="0" timestamp="2025-09-08T12:25:14 IST" skipped="0">
  <testcase classname="com.automation.swaglabs.tests.ProductPageTest" name="testCartIconNavigation" time="23.198"/>
  <testcase classname="com.automation.swaglabs.tests.ProductPageTest" name="testSortProductsDescending" time="29.757"/>
  <testcase classname="com.automation.swaglabs.tests.ProductPageTest" name="testSortProductsAscending" time="30.328"/>
  <testcase classname="com.automation.swaglabs.tests.ProductPageTest" name="testAddProductToCart" time="19.648"/>
  <testcase classname="com.automation.swaglabs.tests.ProductPageTest" name="testProductPageTitle" time="19.270"/>
</testsuite> <!-- com.automation.swaglabs.tests.ProductPageTest -->
