<?xml version="1.0" encoding="UTF-8"?>
<!-- Generated by org.testng.reporters.JUnitReportReporter -->
<testsuite hostname="Akshatha" failures="0" tests="5" name="com.automation.swaglabs.tests.CartPageTest" time="136.445" errors="0" timestamp="2025-09-08T12:25:14 IST" skipped="0">
  <testcase classname="com.automation.swaglabs.tests.CartPageTest" name="testCartPageTitle" time="24.175"/>
  <testcase classname="com.automation.swaglabs.tests.CartPageTest" name="testCartItemCount" time="24.611"/>
  <testcase classname="com.automation.swaglabs.tests.CartPageTest" name="testRemoveItemFromCart" time="31.070"/>
  <testcase classname="com.automation.swaglabs.tests.CartPageTest" name="testContinueShopping" time="29.653"/>
  <testcase classname="com.automation.swaglabs.tests.CartPageTest" name="testProceedToCheckout" time="26.936"/>
</testsuite> <!-- com.automation.swaglabs.tests.CartPageTest -->
