<?xml version="1.0" encoding="UTF-8"?>
<!-- Generated by org.testng.reporters.JUnitReportReporter -->
<testsuite hostname="Akshatha" failures="0" tests="2" name="com.automation.swaglabs.tests.LoginPageTest" time="43.361" errors="0" timestamp="2025-09-07T16:30:45 IST" skipped="0">
  <testcase classname="com.automation.swaglabs.tests.LoginPageTest" name="testValidLogin" time="24.690"/>
  <testcase classname="com.automation.swaglabs.tests.LoginPageTest" name="testInvalidLogin" time="18.671"/>
</testsuite> <!-- com.automation.swaglabs.tests.LoginPageTest -->
