<?xml version="1.0" encoding="UTF-8"?>
<!-- Generated by org.testng.reporters.JUnitReportReporter -->
<testsuite hostname="Akshatha" failures="0" tests="2" name="com.automation.swaglabs.tests.LoginPageTest" time="38.375" errors="0" timestamp="2025-09-07T23:44:46 IST" skipped="0">
  <testcase classname="com.automation.swaglabs.tests.LoginPageTest" name="testValidLogin" time="16.329"/>
  <testcase classname="com.automation.swaglabs.tests.LoginPageTest" name="testInvalidLogin" time="22.046"/>
</testsuite> <!-- com.automation.swaglabs.tests.LoginPageTest -->
