<?xml version="1.0" encoding="UTF-8"?>
<!-- Generated by org.testng.reporters.JUnitReportReporter -->
<testsuite hostname="Akshatha" failures="0" tests="6" name="com.automation.swaglabs.tests.CheckoutPageTest" time="328.864" errors="0" timestamp="2025-09-07T19:57:34 IST" skipped="0">
  <testcase classname="com.automation.swaglabs.tests.CheckoutPageTest" name="testCheckOutWithValidInfo" time="53.319"/>
  <testcase classname="com.automation.swaglabs.tests.CheckoutPageTest" name="testCheckoutWithMissingFields" time="53.427"/>
  <testcase classname="com.automation.swaglabs.tests.CheckoutPageTest" name="testOrderSummaryDetals" time="50.859"/>
  <testcase classname="com.automation.swaglabs.tests.CheckoutPageTest" name="testOrderCompletionAndVerifyConfirmation" time="58.796"/>
  <testcase classname="com.automation.swaglabs.tests.CheckoutPageTest" name="testCancelButton" time="53.138"/>
  <testcase classname="com.automation.swaglabs.tests.CheckoutPageTest" name="testBackToHomeButton" time="59.325"/>
</testsuite> <!-- com.automation.swaglabs.tests.CheckoutPageTest -->
