<?xml version="1.0" encoding="UTF-8"?>
<!-- Generated by org.testng.reporters.JUnitReportReporter -->
<testsuite hostname="Akshatha" failures="0" tests="6" name="com.automation.swaglabs.tests.CheckoutPageTest" time="318.578" errors="0" timestamp="2025-09-08T12:25:14 IST" skipped="0">
  <testcase classname="com.automation.swaglabs.tests.CheckoutPageTest" name="testCheckOutWithValidInfo" time="53.367"/>
  <testcase classname="com.automation.swaglabs.tests.CheckoutPageTest" name="testCheckoutWithMissingFields" time="50.525"/>
  <testcase classname="com.automation.swaglabs.tests.CheckoutPageTest" name="testOrderSummaryDetals" time="50.864"/>
  <testcase classname="com.automation.swaglabs.tests.CheckoutPageTest" name="testOrderCompletionAndVerifyConfirmation" time="56.484"/>
  <testcase classname="com.automation.swaglabs.tests.CheckoutPageTest" name="testCancelButton" time="50.143"/>
  <testcase classname="com.automation.swaglabs.tests.CheckoutPageTest" name="testBackToHomeButton" time="57.195"/>
</testsuite> <!-- com.automation.swaglabs.tests.CheckoutPageTest -->
