<?xml version="1.0" encoding="UTF-8"?>
<!-- Generated by org.testng.reporters.JUnitReportReporter -->
<testsuite hostname="Akshatha" failures="0" tests="5" name="com.automation.swaglabs.tests.ProductPageTest" time="122.291" errors="0" timestamp="2025-09-09T08:43:58 IST" skipped="0">
  <testcase classname="com.automation.swaglabs.tests.ProductPageTest" name="testAddProductToCart" time="19.265"/>
  <testcase classname="com.automation.swaglabs.tests.ProductPageTest" name="testCartIconNavigation" time="23.470"/>
  <testcase classname="com.automation.swaglabs.tests.ProductPageTest" name="testProductPageTitle" time="19.813"/>
  <testcase classname="com.automation.swaglabs.tests.ProductPageTest" name="testSortProductsDescending" time="30.546"/>
  <testcase classname="com.automation.swaglabs.tests.ProductPageTest" name="testSortProductsAscending" time="29.197"/>
</testsuite> <!-- com.automation.swaglabs.tests.ProductPageTest -->
