<?xml version="1.0" encoding="UTF-8"?>
<!-- Generated by org.testng.reporters.JUnitReportReporter -->
<testsuite hostname="Akshatha" failures="0" tests="5" name="com.automation.swaglabs.tests.ProductPageTest" time="125.372" errors="0" timestamp="2025-09-07T23:44:46 IST" skipped="0">
  <testcase classname="com.automation.swaglabs.tests.ProductPageTest" name="testCartIconNavigation" time="23.097"/>
  <testcase classname="com.automation.swaglabs.tests.ProductPageTest" name="testSortProductsAscending" time="30.373"/>
  <testcase classname="com.automation.swaglabs.tests.ProductPageTest" name="testAddProductToCart" time="21.126"/>
  <testcase classname="com.automation.swaglabs.tests.ProductPageTest" name="testSortProductsDescending" time="29.534"/>
  <testcase classname="com.automation.swaglabs.tests.ProductPageTest" name="testProductPageTitle" time="21.242"/>
</testsuite> <!-- com.automation.swaglabs.tests.ProductPageTest -->
