<?xml version="1.0" encoding="UTF-8"?>
<!-- Generated by org.testng.reporters.JUnitReportReporter -->
<testsuite hostname="Akshatha" failures="0" tests="6" name="com.automation.swaglabs.tests.CheckoutPageTest" time="341.746" errors="0" timestamp="2025-09-07T16:30:45 IST" skipped="0">
  <testcase classname="com.automation.swaglabs.tests.CheckoutPageTest" name="testCheckOutWithValidInfo" time="62.201"/>
  <testcase classname="com.automation.swaglabs.tests.CheckoutPageTest" name="testCheckoutWithMissingFields" time="51.706"/>
  <testcase classname="com.automation.swaglabs.tests.CheckoutPageTest" name="testOrderSummaryDetals" time="51.295"/>
  <testcase classname="com.automation.swaglabs.tests.CheckoutPageTest" name="testOrderCompletionAndVerifyConfirmation" time="57.949"/>
  <testcase classname="com.automation.swaglabs.tests.CheckoutPageTest" name="testCancelButton" time="60.491"/>
  <testcase classname="com.automation.swaglabs.tests.CheckoutPageTest" name="testBackToHomeButton" time="58.104"/>
</testsuite> <!-- com.automation.swaglabs.tests.CheckoutPageTest -->
