<?xml version="1.0" encoding="UTF-8"?>
<!-- Generated by org.testng.reporters.JUnitReportReporter -->
<testsuite hostname="Akshatha" failures="0" tests="5" name="com.automation.swaglabs.tests.ProductPageTest" time="127.245" errors="0" timestamp="2025-09-07T19:57:34 IST" skipped="0">
  <testcase classname="com.automation.swaglabs.tests.ProductPageTest" name="testSortProductsDescending" time="31.145"/>
  <testcase classname="com.automation.swaglabs.tests.ProductPageTest" name="testCartIconNavigation" time="24.856"/>
  <testcase classname="com.automation.swaglabs.tests.ProductPageTest" name="testSortProductsAscending" time="30.606"/>
  <testcase classname="com.automation.swaglabs.tests.ProductPageTest" name="testAddProductToCart" time="20.402"/>
  <testcase classname="com.automation.swaglabs.tests.ProductPageTest" name="testProductPageTitle" time="20.236"/>
</testsuite> <!-- com.automation.swaglabs.tests.ProductPageTest -->
