<?xml version="1.0" encoding="UTF-8"?>
<!-- Generated by org.testng.reporters.JUnitReportReporter -->
<testsuite hostname="Akshatha" failures="0" tests="2" name="com.automation.swaglabs.tests.LoginPageTest" time="42.578" errors="0" timestamp="2025-09-08T12:25:14 IST" skipped="0">
  <testcase classname="com.automation.swaglabs.tests.LoginPageTest" name="testValidLogin" time="17.317"/>
  <testcase classname="com.automation.swaglabs.tests.LoginPageTest" name="testInvalidLogin" time="25.261"/>
</testsuite> <!-- com.automation.swaglabs.tests.LoginPageTest -->
