<?xml version="1.0" encoding="UTF-8"?>
<!-- Generated by org.testng.reporters.JUnitReportReporter -->
<testsuite hostname="Akshatha" failures="0" tests="2" name="com.automation.swaglabs.tests.LoginTest" time="42.183" errors="0" timestamp="2025-09-06T23:23:32 IST" skipped="0">
  <testcase classname="com.automation.swaglabs.tests.LoginTest" name="testValidLogin" time="15.943"/>
  <testcase classname="com.automation.swaglabs.tests.LoginTest" name="testInvalidLogin" time="26.240"/>
</testsuite> <!-- com.automation.swaglabs.tests.LoginTest -->
