<?xml version="1.0" encoding="UTF-8"?>
<!-- Generated by org.testng.reporters.JUnitReportReporter -->
<testsuite hostname="Akshatha" failures="0" tests="2" name="com.automation.swaglabs.tests.LoginPageTest" time="39.189" errors="0" timestamp="2025-09-09T08:43:58 IST" skipped="0">
  <testcase classname="com.automation.swaglabs.tests.LoginPageTest" name="testValidLogin" time="15.062"/>
  <testcase classname="com.automation.swaglabs.tests.LoginPageTest" name="testInvalidLogin" time="24.127"/>
</testsuite> <!-- com.automation.swaglabs.tests.LoginPageTest -->
