<?xml version="1.0" encoding="UTF-8"?>
<!-- Generated by org.testng.reporters.JUnitReportReporter -->
<testsuite hostname="Akshatha" failures="0" tests="5" name="com.automation.swaglabs.tests.ProductPageTest" time="146.350" errors="0" timestamp="2025-09-07T16:30:45 IST" skipped="0">
  <testcase classname="com.automation.swaglabs.tests.ProductPageTest" name="testAddProductToCart" time="20.379"/>
  <testcase classname="com.automation.swaglabs.tests.ProductPageTest" name="testProductPageTitle" time="25.130"/>
  <testcase classname="com.automation.swaglabs.tests.ProductPageTest" name="testSortProductsDescending" time="40.334"/>
  <testcase classname="com.automation.swaglabs.tests.ProductPageTest" name="testCartIconNavigation" time="30.264"/>
  <testcase classname="com.automation.swaglabs.tests.ProductPageTest" name="testSortProductsAscending" time="30.243"/>
</testsuite> <!-- com.automation.swaglabs.tests.ProductPageTest -->
