<?xml version="1.0" encoding="UTF-8"?>
<!-- Generated by org.testng.reporters.JUnitReportReporter -->
<testsuite hostname="Akshatha" failures="0" tests="6" name="com.automation.swaglabs.runners.TestRunner" time="136.594" errors="0" timestamp="2025-09-09T08:54:48 IST" skipped="0">
  <testcase classname="com.automation.swaglabs.runners.TestRunner" name="runScenario" time="19.187"/>
  <testcase classname="com.automation.swaglabs.runners.TestRunner" name="runScenario" time="19.203"/>
  <testcase classname="com.automation.swaglabs.runners.TestRunner" name="runScenario" time="30.330"/>
  <testcase classname="com.automation.swaglabs.runners.TestRunner" name="runScenario" time="19.403"/>
  <testcase classname="com.automation.swaglabs.runners.TestRunner" name="runScenario" time="29.187"/>
  <testcase classname="com.automation.swaglabs.runners.TestRunner" name="runScenario" time="19.284"/>
</testsuite> <!-- com.automation.swaglabs.runners.TestRunner -->
