<?xml version="1.0" encoding="UTF-8"?>
<!-- Generated by org.testng.reporters.JUnitReportReporter -->
<testsuite hostname="Akshatha" failures="0" tests="2" name="com.automation.swaglabs.tests.LoginPageTest" time="53.212" errors="0" timestamp="2025-09-07T19:57:34 IST" skipped="0">
  <testcase classname="com.automation.swaglabs.tests.LoginPageTest" name="testValidLogin" time="25.103"/>
  <testcase classname="com.automation.swaglabs.tests.LoginPageTest" name="testInvalidLogin" time="28.109"/>
</testsuite> <!-- com.automation.swaglabs.tests.LoginPageTest -->
